<?xml version="1.0" encoding="UTF-8"?>
<!-- Generated by org.testng.reporters.JUnitReportReporter -->
<testsuite skipped="0" hostname="DESKTOP-GFPQRVN" name="firma.produkt.baliks.komponent.selenium.testing_selenium.TestAnnotations" tests="2" failures="0" timestamp="29 aug 2017 11:20:57 GMT" time="0.015" errors="0">
  <testcase name="f2" time="0.005" classname="firma.produkt.baliks.komponent.selenium.testing_selenium.TestAnnotations"/>
  <testcase name="f1" time="0.010" classname="firma.produkt.baliks.komponent.selenium.testing_selenium.TestAnnotations"/>
</testsuite> <!-- firma.produkt.baliks.komponent.selenium.testing_selenium.TestAnnotations -->
