<?xml version="1.0" encoding="UTF-8"?>
<!-- Generated by org.testng.reporters.JUnitReportReporter -->
<testsuite skipped="0" hostname="DESKTOP-GFPQRVN" name="testNG.TestGrouping" tests="1" failures="0" timestamp="29 aug 2017 16:25:59 GMT" time="0.019" errors="0">
  <testcase name="f" time="0.019" classname="testNG.TestGrouping"/>
</testsuite> <!-- testNG.TestGrouping -->
