<?xml version="1.0" encoding="UTF-8"?>
<!-- Generated by org.testng.reporters.JUnitReportReporter -->
<testsuite skipped="0" hostname="DESKTOP-GFPQRVN" name="testNG.TestAnnotations" tests="2" failures="0" timestamp="12 okt 2017 13:32:15 GMT" time="0.031" errors="0">
  <testcase name="f2" time="0.005" classname="testNG.TestAnnotations"/>
  <testcase name="f1" time="0.026" classname="testNG.TestAnnotations"/>
</testsuite> <!-- testNG.TestAnnotations -->
