<?xml version="1.0" encoding="UTF-8"?>
<!-- Generated by org.testng.reporters.JUnitReportReporter -->
<testsuite skipped="0" hostname="DESKTOP-GFPQRVN" name="testNG.TestGroupingNew" tests="2" failures="0" timestamp="29 aug 2017 16:28:36 GMT" time="0.023" errors="0">
  <testcase name="a4" time="0.021" classname="testNG.TestGroupingNew"/>
  <testcase name="a5" time="0.002" classname="testNG.TestGroupingNew"/>
</testsuite> <!-- testNG.TestGroupingNew -->
